<?xml version="1.0" encoding="UTF-8"?>
<!-- Generated by org.testng.reporters.JUnitReportReporter -->
<testsuite hostname="LAPTOP-BMATHFE5" failures="0" tests="4" name="Tests.EntrataTests" time="2.509" errors="0" timestamp="2024-10-06T00:38:44 IST" skipped="0">
  <testcase classname="Tests.EntrataTests" name="testLoginButtonPresent" time="0.375"/>
  <testcase classname="Tests.EntrataTests" name="testNavigationToProducts" time="1.139"/>
  <testcase classname="Tests.EntrataTests" name="cookieaccept" time="0.628"/>
  <testcase classname="Tests.EntrataTests" name="testHomePageTitle" time="0.367"/>
</testsuite> <!-- Tests.EntrataTests -->
